400
435841
587522
602539
801704
861563
954019
444217
553301
796042
796519
889064
838954
233569
850798
476864
203976
406271
601839
954573
785053
593326
968644
946100
432995
830742
601487
861254
754120
247619
698637
963227
965824
125872
536987
563237
207366
552590
619092
691414
576653
237167
707298
583448
609201
404171
942218
157710
614642
200806
628968
196656
613862
913249
428902
828340
584111
496047
406059
271361
736904
979153
716970
489418
957946
817106
281120
332771
466520
278353
945623
168540
974806
806139
537748
445404
306860
306696
552626
555492
359315
156444
178995
140141
704084
963235
442629
460829
255503
385534
487846
931464
198146
279893
896021
331283
923481
335356
889860
511528
604103
232874
327742
870562
747862
126307
270835
257158
384711
550990
317710
421545
669856
699395
641832
306059
881315
486626
987924
547886
870165
764190
227841
489340
885471
908764
483318
195225
821483
171854
111942
599164
587500
132524
507626
327208
868800
267929
788352
792919
136517
156993
187479
186101
903489
745996
818744
672670
141516
795061
496701
298827
796840
916001
378018
917898
105225
370272
274581
789206
738168
800350
158589
748357
537031
486979
885907
148737
951072
231984
101310
972905
220419
405600
259589
192470
292712
240393
509808
316686
311822
494944
163270
525118
681256
835669
882708
775205
181054
109477
273525
653011
671869
628285
197058
194865
712335
730640
446995
580371
933465
377453
863505
258125
251372
659297
693415
700979
439308
801207
327664
755117
581702
168354
774785
607710
673196
569788
359946
505772
795094
692786
475055
615258
416034
433068
854106
226997
149199
326410
615676
756359
997073
175187
551629
207262
753080
127313
986134
245176
595849
368488
322474
618453
808454
284623
905817
347487
932543
942046
733577
923029
410170
153759
230999
476331
253181
232085
588069
439629
819344
959404
382332
659332
989174
475220
422920
734709
761660
844594
856238
102508
829527
359094
688825
901100
207153
607208
778844
682389
847105
840931
757357
449959
883516
725650
402263
882698
149994
429870
229253
980879
821977
578122
545104
541690
818375
509211
164053
875589
251226
101219
820450
485894
547970
134000
228874
167243
943593
156372
445891
267979
690196
476475
711843
456946
809262
217245
201127
165471
811813
381612
457549
310765
220815
219756
258493
135318
579262
257714
332927
678108
546502
176011
611721
560389
331015
416783
521535
852354
420312
850689
321301
745771
570821
104725
588780
643447
870233
417205
194188
884474
559131
868707
180065
262003
425604
669764
662314
420178
344287
424972
239973
615069
482106
967473
235618
180640
963276
153897
253897
138308
544775
238826
240295
701018
434543
951537
792325
190116
977048
347579
997518
331085
882753
547387
204852
776794
291288
756586
917899
172306
772747
857052
336732
904883
126216
875416
389280
219732
102510
417302
581199
205641
477219
486743
625481
372177
779249
117937
480467
295533
923189
879339
967331
889914
107701
636977
852552
382491
961738
134598
416191
759957
814020
445069
940863
244594
473987
642573
589530
228193
537552
645769
366176
881955
436361
680574
156194
811997
466210
963481
584969
312678
611344
853959
621638
518363
989629
272482
202425
762214
751456
648783
603790
783667
742083
399475
192268
324988
938751
814209
436493
291053
292049
607013
136116
927453
433967
769072
182917
175856
408861
344656
388185
227183
343604
491148
328614
255217
669796
789060
180381
980725
735090
581823
207452
195262
304483
543707
996057
557170
378511
256513
606643
805435
372793
462037
417062
818209
629891
415460
823742
203288
280220
325896
907590
512472
906526
826909
802719
374105
494356
599164
619972
327353
384372
360033
175038
809911
758316
260672
213383
934248
685015
176023
365196
606972
355066
667645
810279
852864
824650
746320
560444
935555
531101
818774
606902
746616
491772
231083
960553
683546
930491
431006
685786
709830
561077
452184
663382
384806
812568
886343
494442
525835
271001
152733
951553
808889
763527
775352
780347
178085
519553
988743
256460
114258
377412
236126
494214
314339
438079
273595
173028
499968
742733
642906
353950
540007
528659
786058
432582
995164
777478
509984
834341
890360
307257
304468
535688
473917
223053
868559
484797
917265
661356
616789
748507
414131
748199
236206
683440
974766
171802
732088
320501
334192
594830
561254
140532
330116
545758
451636
797971
197287
198716
236339
400124
747866
360265
430779
816476
218230
256845
344638
230393
754786
929344
257178
178950
233293
789181
109638
555178
818496
388539
438962
136901
344937
837515
920634
460336
950473
339817
123803
911149
826839
234883
967716
166523
763859
558636
477087
834773
189042
621271
500418
885256
807777
879354
613562
122624
680526
979535
752455
173084
740572
359870
494045
199610
225447
556169
782186
687569
559929
171432
463399
711700
996077
192347
257615
814539
428894
926489
172907
173232
483206
814332
537144
893849
299018
973272
286889
436077
344571
282052
382173
228740
407053
857824
957659
255349
534254
449898
891084
771611
609907
714945
800506
368529
659450
196999
122621
436923
517930
649464
235387
413129
603560
723736
910373
948618
498328
926571
548665
952849
779110
990186
582097
756071
214744
821886
560439
622937
693672
555594
904960
167955
760500
411841
626521
526724
995853
234577
918947
876684
989579
473211
377688
314408
961419
413034
825413
709361
827455
580479
357801
990366
620154
281819
109524
120779
738931
820767
274222
258428
825408
643565
592712
764167
724782
471166
778131
902453
885712
666382
268873
163883
741314
972935
165760
712313
256231
126549
927385
899534
524925
537248
721925
423799
367230
863354
349224
799328
127116
429147
587637
139566
228315
355085
